Microsoft HTML Help Compiler 4.74.8702

Compiling c:\Workspace\FdoToolbox\Doc\userdoc_tmphhp\userdoc.chm

user_introduction.html
connecting_via_the_generic_dialog.html
connecting_via_express_dialogs.html
savingloading_connections.html
connection_notes.html
object_explorer_introduction.html
customising_context_menus.html
extending_the_object_explorer.html
schema_introduction.html
creating_new_classes.html
updating_existing_classes.html
notes.html
using_the_generic_dialog.html
creating_flat_files.html
preview_introduction.html
standard_query.html
aggregate_query.html
sql_query.html
saving_query_results.html
adding_new_features.html
creating_bulk_copy_tasks.html
express_bulk_copy_tasks.html
savingloading_bulk_copy_tasks.html
join_introduction.html
creating_database_joins.html
savingloading_join_tasks.html
cmd_introduction.html
UsingFdoUtil.exe.html
UsingFdoInfo.exe.html
UsingFdoQuery.exe.html
ErrorCodes.html
Architecture.html
CreatingExtensionModules.html
APIDocumentation.html
userdoc.hhc
userdoc.hhk
hm.css

Compile time: 0 minutes, 1 second
36	Topics
186	Local links
4	Internet links
0	Graphics


Created c:\Workspace\FdoToolbox\Doc\userdoc_tmphhp\userdoc.chm, 17,287 bytes
Compression decreased file by 36,649 bytes.
